<?xml version="1.0" encoding="UTF-8"?>
<!-- Generated by org.testng.reporters.JUnitReportReporter -->
<testsuite skipped="0" hostname="DESKTOP-DVCRU23" name="SeleniumWithConstructor" tests="1" failures="0" timestamp="2021-12-23T21:07:15 IST" time="23.593" errors="0">
  <testcase name="m2" time="23.593" classname="SeleniumWithConstructor"/>
  <system-out/>
</testsuite> <!-- SeleniumWithConstructor -->
