<?xml version="1.0" encoding="UTF-8"?>
<!-- Generated by org.testng.reporters.JUnitReportReporter -->
<testsuite skipped="0" hostname="DESKTOP-DVCRU23" name="TestNGPgms.PrioritiseTCs" tests="3" failures="0" timestamp="2021-12-22T21:45:02 IST" time="0.006" errors="0">
  <testcase name="yahoo" time="0.003" classname="TestNGPgms.PrioritiseTCs"/>
  <system-out/>
  <testcase name="Login" time="0.002" classname="TestNGPgms.PrioritiseTCs"/>
  <system-out/>
  <testcase name="compose" time="0.001" classname="TestNGPgms.PrioritiseTCs"/>
  <system-out/>
</testsuite> <!-- TestNGPgms.PrioritiseTCs -->
