<?xml version="1.0" encoding="UTF-8"?>
<!-- Generated by org.testng.reporters.JUnitReportReporter -->
<testsuite skipped="0" hostname="DESKTOP-DVCRU23" name="TestNGPgms.HowToSkipTCs" tests="2" failures="0" timestamp="2022-01-06T15:50:55 IST" time="0.037" errors="0">
  <testcase name="compose" time="0.025" classname="TestNGPgms.HowToSkipTCs"/>
  <system-out/>
  <testcase name="login" time="0.012" classname="TestNGPgms.HowToSkipTCs"/>
  <system-out/>
</testsuite> <!-- TestNGPgms.HowToSkipTCs -->
