<?xml version="1.0" encoding="UTF-8"?>
<!-- Generated by org.testng.reporters.JUnitReportReporter -->
<testsuite skipped="0" hostname="DESKTOP-DVCRU23" name="TestNGPgms.FewMoreAnnotations" tests="3" failures="0" timestamp="2021-12-23T21:17:00 IST" time="0.040" errors="0">
  <testcase name="m1" time="0.012" classname="TestNGPgms.FewMoreAnnotations"/>
  <system-out/>
  <testcase name="m2" time="0.011" classname="TestNGPgms.FewMoreAnnotations"/>
  <system-out/>
  <testcase name="m3" time="0.017" classname="TestNGPgms.FewMoreAnnotations"/>
  <system-out/>
</testsuite> <!-- TestNGPgms.FewMoreAnnotations -->
